mode: set
digital-checkin/cmd/migrate/main.go:12.13,19.16 3 0
digital-checkin/cmd/migrate/main.go:19.16,21.3 1 0
digital-checkin/cmd/migrate/main.go:22.2,32.19 4 0
digital-checkin/cmd/migrate/main.go:32.19,34.6 1 0
digital-checkin/cmd/migrate/main.go:36.5,36.61 1 0
digital-checkin/cmd/migrate/main.go:36.61,40.6 1 0
digital-checkin/cmd/migrate/main.go:40.11,42.6 1 0
digital-checkin/cmd/migrate/main.go:48.5,48.39 1 0
digital-checkin/cmd/server/main.go:16.13,22.16 3 0
digital-checkin/cmd/server/main.go:22.16,24.3 1 0
digital-checkin/cmd/server/main.go:25.2,29.16 3 0
digital-checkin/cmd/server/main.go:29.16,31.3 1 0
digital-checkin/cmd/server/main.go:32.2,36.38 3 0
digital-checkin/cmd/server/main.go:36.38,38.3 1 0
digital-checkin/cmd/server/main.go:41.2,52.76 6 0
digital-checkin/cmd/server/main.go:52.76,54.3 1 0
digital-checkin/internal/core/seeder.go:17.36,19.2 1 0
digital-checkin/internal/core/seeder.go:21.31,27.16 4 0
digital-checkin/internal/core/seeder.go:27.16,29.3 1 0
digital-checkin/internal/core/seeder.go:31.2,31.15 1 0
digital-checkin/internal/core/seeder.go:31.15,34.3 2 0
digital-checkin/internal/core/seeder.go:36.2,41.32 3 0
digital-checkin/internal/core/seeder.go:41.32,51.17 5 0
digital-checkin/internal/core/seeder.go:51.17,53.4 1 0
digital-checkin/internal/core/seeder.go:56.3,58.17 3 0
digital-checkin/internal/core/seeder.go:58.17,60.4 1 0
digital-checkin/internal/core/seeder.go:64.3,66.17 3 0
digital-checkin/internal/core/seeder.go:66.17,68.4 1 0
digital-checkin/internal/core/seeder.go:71.2,72.12 2 0
digital-checkin/internal/core/seeder.go:75.143,83.16 3 0
digital-checkin/internal/core/seeder.go:83.16,85.3 1 0
digital-checkin/internal/core/seeder.go:88.2,92.16 2 0
digital-checkin/internal/core/seeder.go:92.16,94.3 1 0
digital-checkin/internal/core/seeder.go:95.2,99.29 3 0
digital-checkin/internal/core/seeder.go:99.29,100.29 1 0
digital-checkin/internal/core/seeder.go:100.29,106.14 4 0
digital-checkin/internal/core/seeder.go:106.14,108.5 1 0
digital-checkin/internal/core/seeder.go:110.4,111.18 2 0
digital-checkin/internal/core/seeder.go:111.18,113.5 1 0
digital-checkin/internal/core/seeder.go:117.2,118.12 2 0
digital-checkin/pkg/config/config.go:15.27,24.2 2 0
digital-checkin/pkg/config/config.go:26.42,27.48 1 0
digital-checkin/pkg/config/config.go:27.48,29.3 1 0
digital-checkin/pkg/config/config.go:30.2,30.17 1 0
digital-checkin/pkg/db/db.go:13.45,15.16 2 0
digital-checkin/pkg/db/db.go:15.16,17.3 1 0
digital-checkin/pkg/db/db.go:19.2,22.44 3 0
digital-checkin/pkg/db/db.go:22.44,24.3 1 0
digital-checkin/pkg/db/db.go:27.2,32.16 5 0
digital-checkin/pkg/redis/client.go:11.50,19.44 3 0
digital-checkin/pkg/redis/client.go:19.44,21.3 1 0
digital-checkin/pkg/redis/client.go:23.2,24.17 2 0
digital-checkin/cmd/migrate/main.go:12.13,19.16 3 0
digital-checkin/cmd/migrate/main.go:19.16,21.3 1 0
digital-checkin/cmd/migrate/main.go:22.2,32.19 4 0
digital-checkin/cmd/migrate/main.go:32.19,34.6 1 0
digital-checkin/cmd/migrate/main.go:36.5,36.61 1 0
digital-checkin/cmd/migrate/main.go:36.61,40.6 1 0
digital-checkin/cmd/migrate/main.go:40.11,42.6 1 0
digital-checkin/cmd/migrate/main.go:48.5,48.39 1 0
digital-checkin/cmd/server/main.go:16.13,22.16 3 0
digital-checkin/cmd/server/main.go:22.16,24.3 1 0
digital-checkin/cmd/server/main.go:25.2,29.16 3 0
digital-checkin/cmd/server/main.go:29.16,31.3 1 0
digital-checkin/cmd/server/main.go:32.2,36.38 3 0
digital-checkin/cmd/server/main.go:36.38,38.3 1 0
digital-checkin/cmd/server/main.go:41.2,52.76 6 0
digital-checkin/cmd/server/main.go:52.76,54.3 1 0
digital-checkin/internal/api/handler.go:18.60,20.2 1 0
digital-checkin/internal/api/handler.go:22.70,24.16 2 0
digital-checkin/internal/api/handler.go:24.16,27.3 2 0
digital-checkin/internal/api/handler.go:28.2,29.36 2 0
digital-checkin/internal/api/handler.go:32.68,35.16 3 0
digital-checkin/internal/api/handler.go:35.16,38.3 2 0
digital-checkin/internal/api/handler.go:40.2,41.16 2 0
digital-checkin/internal/api/handler.go:41.16,44.3 2 0
digital-checkin/internal/api/handler.go:46.2,50.4 2 0
digital-checkin/internal/api/handler.go:57.68,62.19 4 0
digital-checkin/internal/api/handler.go:62.19,65.6 2 0
digital-checkin/internal/api/handler.go:67.5,68.64 2 0
digital-checkin/internal/api/handler.go:68.64,71.6 2 0
digital-checkin/internal/api/handler.go:73.5,73.25 1 0
digital-checkin/internal/api/handler.go:73.25,76.6 2 0
digital-checkin/internal/api/handler.go:78.5,79.19 2 0
digital-checkin/internal/api/handler.go:79.19,81.76 1 0
digital-checkin/internal/api/handler.go:81.76,84.10 2 0
digital-checkin/internal/api/handler.go:85.9,85.44 1 0
digital-checkin/internal/api/handler.go:85.44,88.10 2 0
digital-checkin/internal/api/handler.go:90.9,91.15 2 0
digital-checkin/internal/api/handler.go:94.5,100.7 2 0
digital-checkin/internal/api/handler.go:114.74,116.64 2 0
digital-checkin/internal/api/handler.go:116.64,119.6 2 0
digital-checkin/internal/api/handler.go:121.5,122.19 2 0
digital-checkin/internal/api/handler.go:122.19,125.6 2 0
digital-checkin/internal/api/handler.go:127.5,137.19 2 0
digital-checkin/internal/api/handler.go:137.19,138.107 1 0
digital-checkin/internal/api/handler.go:138.107,141.10 2 0
digital-checkin/internal/api/handler.go:142.9,142.81 1 0
digital-checkin/internal/api/handler.go:142.81,145.10 2 0
digital-checkin/internal/api/handler.go:146.9,147.15 2 0
digital-checkin/internal/api/handler.go:150.5,151.39 2 0
digital-checkin/internal/api/handler.go:155.41,168.43 3 0
digital-checkin/internal/api/handler.go:168.43,173.6 4 0
digital-checkin/internal/api/handler.go:174.2,174.10 1 0
digital-checkin/internal/core/seeder.go:17.36,19.2 1 0
digital-checkin/internal/core/seeder.go:21.31,27.16 4 0
digital-checkin/internal/core/seeder.go:27.16,29.3 1 0
digital-checkin/internal/core/seeder.go:31.2,31.15 1 0
digital-checkin/internal/core/seeder.go:31.15,34.3 2 0
digital-checkin/internal/core/seeder.go:36.2,41.32 3 0
digital-checkin/internal/core/seeder.go:41.32,51.17 5 0
digital-checkin/internal/core/seeder.go:51.17,53.4 1 0
digital-checkin/internal/core/seeder.go:56.3,58.17 3 0
digital-checkin/internal/core/seeder.go:58.17,60.4 1 0
digital-checkin/internal/core/seeder.go:64.3,66.17 3 0
digital-checkin/internal/core/seeder.go:66.17,68.4 1 0
digital-checkin/internal/core/seeder.go:71.2,72.12 2 0
digital-checkin/internal/core/seeder.go:75.143,83.16 3 0
digital-checkin/internal/core/seeder.go:83.16,85.3 1 0
digital-checkin/internal/core/seeder.go:88.2,92.16 2 0
digital-checkin/internal/core/seeder.go:92.16,94.3 1 0
digital-checkin/internal/core/seeder.go:95.2,99.29 3 0
digital-checkin/internal/core/seeder.go:99.29,100.29 1 0
digital-checkin/internal/core/seeder.go:100.29,106.14 4 0
digital-checkin/internal/core/seeder.go:106.14,108.5 1 0
digital-checkin/internal/core/seeder.go:110.4,111.18 2 0
digital-checkin/internal/core/seeder.go:111.18,113.5 1 0
digital-checkin/internal/core/seeder.go:117.2,118.12 2 0
digital-checkin/internal/repository/postgres.go:18.44,20.2 1 0
digital-checkin/internal/repository/postgres.go:22.99,32.16 4 0
digital-checkin/internal/repository/postgres.go:32.16,33.27 1 0
digital-checkin/internal/repository/postgres.go:33.27,35.4 1 0
digital-checkin/internal/repository/postgres.go:36.3,36.18 1 0
digital-checkin/internal/repository/postgres.go:38.2,38.16 1 0
digital-checkin/internal/repository/postgres.go:41.103,49.16 3 0
digital-checkin/internal/repository/postgres.go:49.16,51.3 1 0
digital-checkin/internal/repository/postgres.go:52.2,55.18 3 0
digital-checkin/internal/repository/postgres.go:55.18,60.17 3 0
digital-checkin/internal/repository/postgres.go:60.17,62.4 1 0
digital-checkin/internal/repository/postgres.go:64.3,64.17 1 0
digital-checkin/internal/repository/postgres.go:64.17,66.4 1 0
digital-checkin/internal/repository/postgres.go:66.9,68.4 1 0
digital-checkin/internal/repository/postgres.go:69.3,69.27 1 0
digital-checkin/internal/repository/postgres.go:71.2,71.19 1 0
digital-checkin/internal/repository/postgres.go:74.80,77.16 3 0
digital-checkin/internal/repository/postgres.go:77.16,79.3 1 0
digital-checkin/internal/repository/postgres.go:80.2,83.18 3 0
digital-checkin/internal/repository/postgres.go:83.18,85.138 2 0
digital-checkin/internal/repository/postgres.go:85.138,87.4 1 0
digital-checkin/internal/repository/postgres.go:88.3,88.31 1 0
digital-checkin/internal/repository/postgres.go:90.2,90.21 1 0
digital-checkin/internal/repository/postgres.go:93.105,97.19 4 0
digital-checkin/internal/repository/postgres.go:97.19,98.33 1 0
digital-checkin/internal/repository/postgres.go:98.33,100.10 1 0
digital-checkin/internal/repository/postgres.go:101.9,101.26 1 0
digital-checkin/internal/repository/postgres.go:103.5,103.25 1 0
digital-checkin/internal/repository/postgres.go:110.139,112.19 2 0
digital-checkin/internal/repository/postgres.go:112.19,114.6 1 0
digital-checkin/internal/repository/postgres.go:115.5,120.21 3 0
digital-checkin/internal/repository/postgres.go:120.21,124.23 4 0
digital-checkin/internal/repository/postgres.go:124.23,126.10 1 0
digital-checkin/internal/repository/postgres.go:128.9,128.21 1 0
digital-checkin/internal/repository/postgres.go:128.21,130.10 1 0
digital-checkin/internal/repository/postgres.go:131.9,131.21 1 0
digital-checkin/internal/repository/postgres.go:135.5,147.19 5 0
digital-checkin/internal/repository/postgres.go:147.19,149.6 1 0
digital-checkin/internal/repository/postgres.go:152.5,152.22 1 0
digital-checkin/internal/repository/postgres.go:152.22,154.23 2 0
digital-checkin/internal/repository/postgres.go:154.23,156.10 1 0
digital-checkin/internal/repository/postgres.go:159.5,159.39 1 0
digital-checkin/internal/repository/postgres.go:159.39,161.6 1 0
digital-checkin/internal/repository/postgres.go:163.5,174.11 1 0
digital-checkin/internal/repository/postgres.go:177.27,181.19 4 0
digital-checkin/internal/repository/postgres.go:181.19,183.3 1 0
digital-checkin/internal/repository/postgres.go:184.2,184.18 1 0
digital-checkin/internal/service/seat_service.go:19.82,24.2 1 0
digital-checkin/internal/service/seat_service.go:27.100,30.16 2 0
digital-checkin/internal/service/seat_service.go:30.16,32.3 1 0
digital-checkin/internal/service/seat_service.go:35.2,38.29 3 0
digital-checkin/internal/service/seat_service.go:38.29,39.21 1 0
digital-checkin/internal/service/seat_service.go:39.21,42.4 2 0
digital-checkin/internal/service/seat_service.go:45.2,46.36 2 0
digital-checkin/internal/service/seat_service.go:46.36,48.3 1 0
digital-checkin/internal/service/seat_service.go:51.2,51.29 1 0
digital-checkin/internal/service/seat_service.go:51.29,52.20 1 0
digital-checkin/internal/service/seat_service.go:52.20,54.12 2 0
digital-checkin/internal/service/seat_service.go:57.3,57.39 1 0
digital-checkin/internal/service/seat_service.go:57.39,58.30 1 0
digital-checkin/internal/service/seat_service.go:58.30,60.14 1 0
digital-checkin/internal/service/seat_service.go:60.19,62.14 1 0
digital-checkin/internal/service/seat_service.go:66.2,66.19 1 0
digital-checkin/internal/service/seat_service.go:69.81,71.2 1 0
digital-checkin/internal/service/seat_service.go:74.130,76.19 2 0
digital-checkin/internal/service/seat_service.go:76.19,78.6 1 0
digital-checkin/internal/service/seat_service.go:79.5,79.17 1 0
digital-checkin/internal/service/seat_service.go:79.17,81.6 1 0
digital-checkin/internal/service/seat_service.go:83.5,87.19 4 0
digital-checkin/internal/service/seat_service.go:87.19,89.6 1 0
digital-checkin/internal/service/seat_service.go:91.5,91.17 1 0
digital-checkin/internal/service/seat_service.go:91.17,93.6 1 0
digital-checkin/internal/service/seat_service.go:95.5,96.31 2 0
digital-checkin/internal/service/seat_service.go:110.102,112.25 1 0
digital-checkin/internal/service/seat_service.go:112.25,117.29 3 0
digital-checkin/internal/service/seat_service.go:117.29,119.10 1 0
digital-checkin/internal/service/seat_service.go:119.15,119.30 1 0
digital-checkin/internal/service/seat_service.go:119.30,121.10 1 0
digital-checkin/internal/service/seat_service.go:123.9,123.35 1 0
digital-checkin/internal/service/seat_service.go:123.35,125.10 1 0
digital-checkin/internal/service/seat_service.go:129.5,129.33 1 0
digital-checkin/internal/service/seat_service.go:129.33,131.6 1 0
digital-checkin/internal/service/seat_service.go:135.5,136.19 2 0
digital-checkin/internal/service/seat_service.go:136.19,138.6 1 0
digital-checkin/internal/service/seat_service.go:141.5,141.25 1 0
digital-checkin/internal/service/seat_service.go:141.25,144.6 2 0
digital-checkin/internal/service/seat_service.go:146.5,146.24 1 0
digital-checkin/pkg/config/config.go:15.27,24.2 2 0
digital-checkin/pkg/config/config.go:26.42,27.48 1 0
digital-checkin/pkg/config/config.go:27.48,29.3 1 0
digital-checkin/pkg/config/config.go:30.2,30.17 1 0
digital-checkin/pkg/db/db.go:13.45,15.16 2 0
digital-checkin/pkg/db/db.go:15.16,17.3 1 0
digital-checkin/pkg/db/db.go:19.2,22.44 3 0
digital-checkin/pkg/db/db.go:22.44,24.3 1 0
digital-checkin/pkg/db/db.go:27.2,32.16 5 0
digital-checkin/pkg/redis/client.go:11.50,19.44 3 0
digital-checkin/pkg/redis/client.go:19.44,21.3 1 0
digital-checkin/pkg/redis/client.go:23.2,24.17 2 0
digital-checkin/cmd/migrate/main.go:12.13,19.16 3 0
digital-checkin/cmd/migrate/main.go:19.16,21.3 1 0
digital-checkin/cmd/migrate/main.go:22.2,32.19 4 0
digital-checkin/cmd/migrate/main.go:32.19,34.6 1 0
digital-checkin/cmd/migrate/main.go:36.5,36.61 1 0
digital-checkin/cmd/migrate/main.go:36.61,40.6 1 0
digital-checkin/cmd/migrate/main.go:40.11,42.6 1 0
digital-checkin/cmd/migrate/main.go:48.5,48.39 1 0
digital-checkin/cmd/server/main.go:16.13,22.16 3 0
digital-checkin/cmd/server/main.go:22.16,24.3 1 0
digital-checkin/cmd/server/main.go:25.2,29.16 3 0
digital-checkin/cmd/server/main.go:29.16,31.3 1 0
digital-checkin/cmd/server/main.go:32.2,36.38 3 0
digital-checkin/cmd/server/main.go:36.38,38.3 1 0
digital-checkin/cmd/server/main.go:41.2,52.76 6 0
digital-checkin/cmd/server/main.go:52.76,54.3 1 0
digital-checkin/internal/api/handler.go:18.60,20.2 1 1
digital-checkin/internal/api/handler.go:22.70,24.16 2 1
digital-checkin/internal/api/handler.go:24.16,27.3 2 0
digital-checkin/internal/api/handler.go:28.2,29.36 2 1
digital-checkin/internal/api/handler.go:32.68,35.16 3 1
digital-checkin/internal/api/handler.go:35.16,38.3 2 0
digital-checkin/internal/api/handler.go:40.2,41.16 2 1
digital-checkin/internal/api/handler.go:41.16,44.3 2 0
digital-checkin/internal/api/handler.go:46.2,50.4 2 1
digital-checkin/internal/api/handler.go:57.68,62.19 4 1
digital-checkin/internal/api/handler.go:62.19,65.6 2 0
digital-checkin/internal/api/handler.go:67.5,68.64 2 1
digital-checkin/internal/api/handler.go:68.64,71.6 2 0
digital-checkin/internal/api/handler.go:73.5,73.25 1 1
digital-checkin/internal/api/handler.go:73.25,76.6 2 0
digital-checkin/internal/api/handler.go:78.5,79.19 2 1
digital-checkin/internal/api/handler.go:79.19,81.76 1 0
digital-checkin/internal/api/handler.go:81.76,84.10 2 0
digital-checkin/internal/api/handler.go:85.9,85.44 1 0
digital-checkin/internal/api/handler.go:85.44,88.10 2 0
digital-checkin/internal/api/handler.go:90.9,91.15 2 0
digital-checkin/internal/api/handler.go:94.5,100.7 2 1
digital-checkin/internal/api/handler.go:114.74,116.64 2 1
digital-checkin/internal/api/handler.go:116.64,119.6 2 0
digital-checkin/internal/api/handler.go:121.5,122.19 2 1
digital-checkin/internal/api/handler.go:122.19,125.6 2 0
digital-checkin/internal/api/handler.go:127.5,137.19 2 1
digital-checkin/internal/api/handler.go:137.19,138.107 1 0
digital-checkin/internal/api/handler.go:138.107,141.10 2 0
digital-checkin/internal/api/handler.go:142.9,142.81 1 0
digital-checkin/internal/api/handler.go:142.81,145.10 2 0
digital-checkin/internal/api/handler.go:146.9,147.15 2 0
digital-checkin/internal/api/handler.go:150.5,151.39 2 1
digital-checkin/internal/api/handler.go:155.41,168.43 3 1
digital-checkin/internal/api/handler.go:168.43,173.6 4 1
digital-checkin/internal/api/handler.go:174.2,174.10 1 1
digital-checkin/internal/core/seeder.go:17.36,19.2 1 0
digital-checkin/internal/core/seeder.go:21.31,27.16 4 0
digital-checkin/internal/core/seeder.go:27.16,29.3 1 0
digital-checkin/internal/core/seeder.go:31.2,31.15 1 0
digital-checkin/internal/core/seeder.go:31.15,34.3 2 0
digital-checkin/internal/core/seeder.go:36.2,41.32 3 0
digital-checkin/internal/core/seeder.go:41.32,51.17 5 0
digital-checkin/internal/core/seeder.go:51.17,53.4 1 0
digital-checkin/internal/core/seeder.go:56.3,58.17 3 0
digital-checkin/internal/core/seeder.go:58.17,60.4 1 0
digital-checkin/internal/core/seeder.go:64.3,66.17 3 0
digital-checkin/internal/core/seeder.go:66.17,68.4 1 0
digital-checkin/internal/core/seeder.go:71.2,72.12 2 0
digital-checkin/internal/core/seeder.go:75.143,83.16 3 0
digital-checkin/internal/core/seeder.go:83.16,85.3 1 0
digital-checkin/internal/core/seeder.go:88.2,92.16 2 0
digital-checkin/internal/core/seeder.go:92.16,94.3 1 0
digital-checkin/internal/core/seeder.go:95.2,99.29 3 0
digital-checkin/internal/core/seeder.go:99.29,100.29 1 0
digital-checkin/internal/core/seeder.go:100.29,106.14 4 0
digital-checkin/internal/core/seeder.go:106.14,108.5 1 0
digital-checkin/internal/core/seeder.go:110.4,111.18 2 0
digital-checkin/internal/core/seeder.go:111.18,113.5 1 0
digital-checkin/internal/core/seeder.go:117.2,118.12 2 0
digital-checkin/internal/repository/postgres.go:18.44,20.2 1 1
digital-checkin/internal/repository/postgres.go:22.99,32.16 4 0
digital-checkin/internal/repository/postgres.go:32.16,33.27 1 0
digital-checkin/internal/repository/postgres.go:33.27,35.4 1 0
digital-checkin/internal/repository/postgres.go:36.3,36.18 1 0
digital-checkin/internal/repository/postgres.go:38.2,38.16 1 0
digital-checkin/internal/repository/postgres.go:41.103,49.16 3 1
digital-checkin/internal/repository/postgres.go:49.16,51.3 1 0
digital-checkin/internal/repository/postgres.go:52.2,55.18 3 1
digital-checkin/internal/repository/postgres.go:55.18,60.17 3 1
digital-checkin/internal/repository/postgres.go:60.17,62.4 1 0
digital-checkin/internal/repository/postgres.go:64.3,64.17 1 1
digital-checkin/internal/repository/postgres.go:64.17,66.4 1 0
digital-checkin/internal/repository/postgres.go:66.9,68.4 1 1
digital-checkin/internal/repository/postgres.go:69.3,69.27 1 1
digital-checkin/internal/repository/postgres.go:71.2,71.19 1 1
digital-checkin/internal/repository/postgres.go:74.80,77.16 3 1
digital-checkin/internal/repository/postgres.go:77.16,79.3 1 0
digital-checkin/internal/repository/postgres.go:80.2,83.18 3 1
digital-checkin/internal/repository/postgres.go:83.18,85.138 2 1
digital-checkin/internal/repository/postgres.go:85.138,87.4 1 0
digital-checkin/internal/repository/postgres.go:88.3,88.31 1 1
digital-checkin/internal/repository/postgres.go:90.2,90.21 1 1
digital-checkin/internal/repository/postgres.go:93.105,97.19 4 1
digital-checkin/internal/repository/postgres.go:97.19,98.33 1 0
digital-checkin/internal/repository/postgres.go:98.33,100.10 1 0
digital-checkin/internal/repository/postgres.go:101.9,101.26 1 0
digital-checkin/internal/repository/postgres.go:103.5,103.25 1 1
digital-checkin/internal/repository/postgres.go:110.139,112.19 2 1
digital-checkin/internal/repository/postgres.go:112.19,114.6 1 0
digital-checkin/internal/repository/postgres.go:115.5,120.21 3 1
digital-checkin/internal/repository/postgres.go:120.21,124.23 4 1
digital-checkin/internal/repository/postgres.go:124.23,126.10 1 0
digital-checkin/internal/repository/postgres.go:128.9,128.21 1 1
digital-checkin/internal/repository/postgres.go:128.21,130.10 1 0
digital-checkin/internal/repository/postgres.go:131.9,131.21 1 1
digital-checkin/internal/repository/postgres.go:135.5,147.19 5 1
digital-checkin/internal/repository/postgres.go:147.19,149.6 1 0
digital-checkin/internal/repository/postgres.go:152.5,152.22 1 1
digital-checkin/internal/repository/postgres.go:152.22,154.23 2 1
digital-checkin/internal/repository/postgres.go:154.23,156.10 1 0
digital-checkin/internal/repository/postgres.go:159.5,159.39 1 1
digital-checkin/internal/repository/postgres.go:159.39,161.6 1 0
digital-checkin/internal/repository/postgres.go:163.5,174.11 1 1
digital-checkin/internal/repository/postgres.go:177.27,181.19 4 1
digital-checkin/internal/repository/postgres.go:181.19,183.3 1 1
digital-checkin/internal/repository/postgres.go:184.2,184.18 1 1
digital-checkin/internal/service/seat_service.go:19.82,24.2 1 1
digital-checkin/internal/service/seat_service.go:27.100,30.16 2 1
digital-checkin/internal/service/seat_service.go:30.16,32.3 1 0
digital-checkin/internal/service/seat_service.go:35.2,38.29 3 1
digital-checkin/internal/service/seat_service.go:38.29,39.21 1 1
digital-checkin/internal/service/seat_service.go:39.21,42.4 2 1
digital-checkin/internal/service/seat_service.go:45.2,46.36 2 1
digital-checkin/internal/service/seat_service.go:46.36,48.3 1 0
digital-checkin/internal/service/seat_service.go:51.2,51.29 1 1
digital-checkin/internal/service/seat_service.go:51.29,52.20 1 1
digital-checkin/internal/service/seat_service.go:52.20,54.12 2 0
digital-checkin/internal/service/seat_service.go:57.3,57.39 1 1
digital-checkin/internal/service/seat_service.go:57.39,58.30 1 1
digital-checkin/internal/service/seat_service.go:58.30,60.14 1 0
digital-checkin/internal/service/seat_service.go:60.19,62.14 1 1
digital-checkin/internal/service/seat_service.go:66.2,66.19 1 1
digital-checkin/internal/service/seat_service.go:69.81,71.2 1 1
digital-checkin/internal/service/seat_service.go:74.130,76.19 2 1
digital-checkin/internal/service/seat_service.go:76.19,78.6 1 0
digital-checkin/internal/service/seat_service.go:79.5,79.17 1 1
digital-checkin/internal/service/seat_service.go:79.17,81.6 1 0
digital-checkin/internal/service/seat_service.go:83.5,87.19 4 1
digital-checkin/internal/service/seat_service.go:87.19,89.6 1 0
digital-checkin/internal/service/seat_service.go:91.5,91.17 1 1
digital-checkin/internal/service/seat_service.go:91.17,93.6 1 0
digital-checkin/internal/service/seat_service.go:95.5,96.31 2 1
digital-checkin/internal/service/seat_service.go:110.102,112.25 1 1
digital-checkin/internal/service/seat_service.go:112.25,117.29 3 1
digital-checkin/internal/service/seat_service.go:117.29,119.10 1 0
digital-checkin/internal/service/seat_service.go:119.15,119.30 1 1
digital-checkin/internal/service/seat_service.go:119.30,121.10 1 0
digital-checkin/internal/service/seat_service.go:123.9,123.35 1 1
digital-checkin/internal/service/seat_service.go:123.35,125.10 1 0
digital-checkin/internal/service/seat_service.go:129.5,129.33 1 1
digital-checkin/internal/service/seat_service.go:129.33,131.6 1 0
digital-checkin/internal/service/seat_service.go:135.5,136.19 2 1
digital-checkin/internal/service/seat_service.go:136.19,138.6 1 0
digital-checkin/internal/service/seat_service.go:141.5,141.25 1 1
digital-checkin/internal/service/seat_service.go:141.25,144.6 2 1
digital-checkin/internal/service/seat_service.go:146.5,146.24 1 1
digital-checkin/pkg/config/config.go:15.27,24.2 2 0
digital-checkin/pkg/config/config.go:26.42,27.48 1 0
digital-checkin/pkg/config/config.go:27.48,29.3 1 0
digital-checkin/pkg/config/config.go:30.2,30.17 1 0
digital-checkin/pkg/db/db.go:13.45,15.16 2 0
digital-checkin/pkg/db/db.go:15.16,17.3 1 0
digital-checkin/pkg/db/db.go:19.2,22.44 3 0
digital-checkin/pkg/db/db.go:22.44,24.3 1 0
digital-checkin/pkg/db/db.go:27.2,32.16 5 0
digital-checkin/pkg/redis/client.go:11.50,19.44 3 0
digital-checkin/pkg/redis/client.go:19.44,21.3 1 0
digital-checkin/pkg/redis/client.go:23.2,24.17 2 0
digital-checkin/cmd/migrate/main.go:12.13,19.16 3 0
digital-checkin/cmd/migrate/main.go:19.16,21.3 1 0
digital-checkin/cmd/migrate/main.go:22.2,32.19 4 0
digital-checkin/cmd/migrate/main.go:32.19,34.6 1 0
digital-checkin/cmd/migrate/main.go:36.5,36.61 1 0
digital-checkin/cmd/migrate/main.go:36.61,40.6 1 0
digital-checkin/cmd/migrate/main.go:40.11,42.6 1 0
digital-checkin/cmd/migrate/main.go:48.5,48.39 1 0
digital-checkin/cmd/server/main.go:16.13,22.16 3 0
digital-checkin/cmd/server/main.go:22.16,24.3 1 0
digital-checkin/cmd/server/main.go:25.2,29.16 3 0
digital-checkin/cmd/server/main.go:29.16,31.3 1 0
digital-checkin/cmd/server/main.go:32.2,36.38 3 0
digital-checkin/cmd/server/main.go:36.38,38.3 1 0
digital-checkin/cmd/server/main.go:41.2,52.76 6 0
digital-checkin/cmd/server/main.go:52.76,54.3 1 0
digital-checkin/internal/api/handler.go:18.60,20.2 1 0
digital-checkin/internal/api/handler.go:22.70,24.16 2 0
digital-checkin/internal/api/handler.go:24.16,27.3 2 0
digital-checkin/internal/api/handler.go:28.2,29.36 2 0
digital-checkin/internal/api/handler.go:32.68,35.16 3 0
digital-checkin/internal/api/handler.go:35.16,38.3 2 0
digital-checkin/internal/api/handler.go:40.2,41.16 2 0
digital-checkin/internal/api/handler.go:41.16,44.3 2 0
digital-checkin/internal/api/handler.go:46.2,50.4 2 0
digital-checkin/internal/api/handler.go:57.68,62.19 4 0
digital-checkin/internal/api/handler.go:62.19,65.6 2 0
digital-checkin/internal/api/handler.go:67.5,68.64 2 0
digital-checkin/internal/api/handler.go:68.64,71.6 2 0
digital-checkin/internal/api/handler.go:73.5,73.25 1 0
digital-checkin/internal/api/handler.go:73.25,76.6 2 0
digital-checkin/internal/api/handler.go:78.5,79.19 2 0
digital-checkin/internal/api/handler.go:79.19,81.76 1 0
digital-checkin/internal/api/handler.go:81.76,84.10 2 0
digital-checkin/internal/api/handler.go:85.9,85.44 1 0
digital-checkin/internal/api/handler.go:85.44,88.10 2 0
digital-checkin/internal/api/handler.go:90.9,91.15 2 0
digital-checkin/internal/api/handler.go:94.5,100.7 2 0
digital-checkin/internal/api/handler.go:114.74,116.64 2 0
digital-checkin/internal/api/handler.go:116.64,119.6 2 0
digital-checkin/internal/api/handler.go:121.5,122.19 2 0
digital-checkin/internal/api/handler.go:122.19,125.6 2 0
digital-checkin/internal/api/handler.go:127.5,137.19 2 0
digital-checkin/internal/api/handler.go:137.19,138.107 1 0
digital-checkin/internal/api/handler.go:138.107,141.10 2 0
digital-checkin/internal/api/handler.go:142.9,142.81 1 0
digital-checkin/internal/api/handler.go:142.81,145.10 2 0
digital-checkin/internal/api/handler.go:146.9,147.15 2 0
digital-checkin/internal/api/handler.go:150.5,151.39 2 0
digital-checkin/internal/api/handler.go:155.41,168.43 3 0
digital-checkin/internal/api/handler.go:168.43,173.6 4 0
digital-checkin/internal/api/handler.go:174.2,174.10 1 0
digital-checkin/internal/core/seeder.go:17.36,19.2 1 0
digital-checkin/internal/core/seeder.go:21.31,27.16 4 0
digital-checkin/internal/core/seeder.go:27.16,29.3 1 0
digital-checkin/internal/core/seeder.go:31.2,31.15 1 0
digital-checkin/internal/core/seeder.go:31.15,34.3 2 0
digital-checkin/internal/core/seeder.go:36.2,41.32 3 0
digital-checkin/internal/core/seeder.go:41.32,51.17 5 0
digital-checkin/internal/core/seeder.go:51.17,53.4 1 0
digital-checkin/internal/core/seeder.go:56.3,58.17 3 0
digital-checkin/internal/core/seeder.go:58.17,60.4 1 0
digital-checkin/internal/core/seeder.go:64.3,66.17 3 0
digital-checkin/internal/core/seeder.go:66.17,68.4 1 0
digital-checkin/internal/core/seeder.go:71.2,72.12 2 0
digital-checkin/internal/core/seeder.go:75.143,83.16 3 0
digital-checkin/internal/core/seeder.go:83.16,85.3 1 0
digital-checkin/internal/core/seeder.go:88.2,92.16 2 0
digital-checkin/internal/core/seeder.go:92.16,94.3 1 0
digital-checkin/internal/core/seeder.go:95.2,99.29 3 0
digital-checkin/internal/core/seeder.go:99.29,100.29 1 0
digital-checkin/internal/core/seeder.go:100.29,106.14 4 0
digital-checkin/internal/core/seeder.go:106.14,108.5 1 0
digital-checkin/internal/core/seeder.go:110.4,111.18 2 0
digital-checkin/internal/core/seeder.go:111.18,113.5 1 0
digital-checkin/internal/core/seeder.go:117.2,118.12 2 0
digital-checkin/internal/repository/postgres.go:18.44,20.2 1 0
digital-checkin/internal/repository/postgres.go:22.99,32.16 4 0
digital-checkin/internal/repository/postgres.go:32.16,33.27 1 0
digital-checkin/internal/repository/postgres.go:33.27,35.4 1 0
digital-checkin/internal/repository/postgres.go:36.3,36.18 1 0
digital-checkin/internal/repository/postgres.go:38.2,38.16 1 0
digital-checkin/internal/repository/postgres.go:41.103,49.16 3 0
digital-checkin/internal/repository/postgres.go:49.16,51.3 1 0
digital-checkin/internal/repository/postgres.go:52.2,55.18 3 0
digital-checkin/internal/repository/postgres.go:55.18,60.17 3 0
digital-checkin/internal/repository/postgres.go:60.17,62.4 1 0
digital-checkin/internal/repository/postgres.go:64.3,64.17 1 0
digital-checkin/internal/repository/postgres.go:64.17,66.4 1 0
digital-checkin/internal/repository/postgres.go:66.9,68.4 1 0
digital-checkin/internal/repository/postgres.go:69.3,69.27 1 0
digital-checkin/internal/repository/postgres.go:71.2,71.19 1 0
digital-checkin/internal/repository/postgres.go:74.80,77.16 3 0
digital-checkin/internal/repository/postgres.go:77.16,79.3 1 0
digital-checkin/internal/repository/postgres.go:80.2,83.18 3 0
digital-checkin/internal/repository/postgres.go:83.18,85.138 2 0
digital-checkin/internal/repository/postgres.go:85.138,87.4 1 0
digital-checkin/internal/repository/postgres.go:88.3,88.31 1 0
digital-checkin/internal/repository/postgres.go:90.2,90.21 1 0
digital-checkin/internal/repository/postgres.go:93.105,97.19 4 0
digital-checkin/internal/repository/postgres.go:97.19,98.33 1 0
digital-checkin/internal/repository/postgres.go:98.33,100.10 1 0
digital-checkin/internal/repository/postgres.go:101.9,101.26 1 0
digital-checkin/internal/repository/postgres.go:103.5,103.25 1 0
digital-checkin/internal/repository/postgres.go:110.139,112.19 2 0
digital-checkin/internal/repository/postgres.go:112.19,114.6 1 0
digital-checkin/internal/repository/postgres.go:115.5,120.21 3 0
digital-checkin/internal/repository/postgres.go:120.21,124.23 4 0
digital-checkin/internal/repository/postgres.go:124.23,126.10 1 0
digital-checkin/internal/repository/postgres.go:128.9,128.21 1 0
digital-checkin/internal/repository/postgres.go:128.21,130.10 1 0
digital-checkin/internal/repository/postgres.go:131.9,131.21 1 0
digital-checkin/internal/repository/postgres.go:135.5,147.19 5 0
digital-checkin/internal/repository/postgres.go:147.19,149.6 1 0
digital-checkin/internal/repository/postgres.go:152.5,152.22 1 0
digital-checkin/internal/repository/postgres.go:152.22,154.23 2 0
digital-checkin/internal/repository/postgres.go:154.23,156.10 1 0
digital-checkin/internal/repository/postgres.go:159.5,159.39 1 0
digital-checkin/internal/repository/postgres.go:159.39,161.6 1 0
digital-checkin/internal/repository/postgres.go:163.5,174.11 1 0
digital-checkin/internal/repository/postgres.go:177.27,181.19 4 1
digital-checkin/internal/repository/postgres.go:181.19,183.3 1 1
digital-checkin/internal/repository/postgres.go:184.2,184.18 1 1
digital-checkin/internal/service/seat_service.go:19.82,24.2 1 0
digital-checkin/internal/service/seat_service.go:27.100,30.16 2 0
digital-checkin/internal/service/seat_service.go:30.16,32.3 1 0
digital-checkin/internal/service/seat_service.go:35.2,38.29 3 0
digital-checkin/internal/service/seat_service.go:38.29,39.21 1 0
digital-checkin/internal/service/seat_service.go:39.21,42.4 2 0
digital-checkin/internal/service/seat_service.go:45.2,46.36 2 0
digital-checkin/internal/service/seat_service.go:46.36,48.3 1 0
digital-checkin/internal/service/seat_service.go:51.2,51.29 1 0
digital-checkin/internal/service/seat_service.go:51.29,52.20 1 0
digital-checkin/internal/service/seat_service.go:52.20,54.12 2 0
digital-checkin/internal/service/seat_service.go:57.3,57.39 1 0
digital-checkin/internal/service/seat_service.go:57.39,58.30 1 0
digital-checkin/internal/service/seat_service.go:58.30,60.14 1 0
digital-checkin/internal/service/seat_service.go:60.19,62.14 1 0
digital-checkin/internal/service/seat_service.go:66.2,66.19 1 0
digital-checkin/internal/service/seat_service.go:69.81,71.2 1 0
digital-checkin/internal/service/seat_service.go:74.130,76.19 2 0
digital-checkin/internal/service/seat_service.go:76.19,78.6 1 0
digital-checkin/internal/service/seat_service.go:79.5,79.17 1 0
digital-checkin/internal/service/seat_service.go:79.17,81.6 1 0
digital-checkin/internal/service/seat_service.go:83.5,87.19 4 0
digital-checkin/internal/service/seat_service.go:87.19,89.6 1 0
digital-checkin/internal/service/seat_service.go:91.5,91.17 1 0
digital-checkin/internal/service/seat_service.go:91.17,93.6 1 0
digital-checkin/internal/service/seat_service.go:95.5,96.31 2 0
digital-checkin/internal/service/seat_service.go:110.102,112.25 1 0
digital-checkin/internal/service/seat_service.go:112.25,117.29 3 0
digital-checkin/internal/service/seat_service.go:117.29,119.10 1 0
digital-checkin/internal/service/seat_service.go:119.15,119.30 1 0
digital-checkin/internal/service/seat_service.go:119.30,121.10 1 0
digital-checkin/internal/service/seat_service.go:123.9,123.35 1 0
digital-checkin/internal/service/seat_service.go:123.35,125.10 1 0
digital-checkin/internal/service/seat_service.go:129.5,129.33 1 0
digital-checkin/internal/service/seat_service.go:129.33,131.6 1 0
digital-checkin/internal/service/seat_service.go:135.5,136.19 2 0
digital-checkin/internal/service/seat_service.go:136.19,138.6 1 0
digital-checkin/internal/service/seat_service.go:141.5,141.25 1 0
digital-checkin/internal/service/seat_service.go:141.25,144.6 2 0
digital-checkin/internal/service/seat_service.go:146.5,146.24 1 0
digital-checkin/pkg/config/config.go:15.27,24.2 2 0
digital-checkin/pkg/config/config.go:26.42,27.48 1 0
digital-checkin/pkg/config/config.go:27.48,29.3 1 0
digital-checkin/pkg/config/config.go:30.2,30.17 1 0
digital-checkin/pkg/db/db.go:13.45,15.16 2 0
digital-checkin/pkg/db/db.go:15.16,17.3 1 0
digital-checkin/pkg/db/db.go:19.2,22.44 3 0
digital-checkin/pkg/db/db.go:22.44,24.3 1 0
digital-checkin/pkg/db/db.go:27.2,32.16 5 0
digital-checkin/pkg/redis/client.go:11.50,19.44 3 0
digital-checkin/pkg/redis/client.go:19.44,21.3 1 0
digital-checkin/pkg/redis/client.go:23.2,24.17 2 0
